Analysis & Synthesis report for dh
Fri Jun 02 21:26:20 2023
Quartus Prime Version 19.1.0 Build 670 09/22/2019 SJ Lite Edition


---------------------
; Table of Contents ;
---------------------
  1. Legal Notice
  2. Analysis & Synthesis Summary
  3. Analysis & Synthesis Settings
  4. Parallel Compilation
  5. Analysis & Synthesis Source Files Read
  6. Analysis & Synthesis Resource Usage Summary
  7. Analysis & Synthesis Resource Utilization by Entity
  8. State Machine - |talk_simulation|cc:cc_inst|state_reg
  9. State Machine - |talk_simulation|cc:cc_inst|modularPowering:modularPowering_inst_drone2|state_reg
 10. State Machine - |talk_simulation|cc:cc_inst|modularPowering:modularPowering_inst_drone1|state_reg
 11. State Machine - |talk_simulation|drone:drone2|state_reg
 12. State Machine - |talk_simulation|drone:drone2|modularPowering:modularPowering_inst|state_reg
 13. State Machine - |talk_simulation|drone:drone1|state_reg
 14. State Machine - |talk_simulation|drone:drone1|modularPowering:modularPowering_inst|state_reg
 15. Registers Removed During Synthesis
 16. Removed Registers Triggering Further Register Optimizations
 17. General Register Statistics
 18. Multiplexer Restructuring Statistics (Restructuring Performed)
 19. Parameter Settings for User Entity Instance: Top-level Entity: |talk_simulation
 20. Parameter Settings for User Entity Instance: drone:drone1
 21. Parameter Settings for User Entity Instance: drone:drone1|modularPowering:modularPowering_inst
 22. Parameter Settings for User Entity Instance: drone:drone2
 23. Parameter Settings for User Entity Instance: drone:drone2|modularPowering:modularPowering_inst
 24. Parameter Settings for User Entity Instance: cc:cc_inst
 25. Parameter Settings for User Entity Instance: cc:cc_inst|modularPowering:modularPowering_inst_drone1
 26. Parameter Settings for User Entity Instance: cc:cc_inst|modularPowering:modularPowering_inst_drone2
 27. Port Connectivity Checks: "cc:cc_inst"
 28. Port Connectivity Checks: "drone:drone2"
 29. Port Connectivity Checks: "drone:drone1"
 30. Post-Synthesis Netlist Statistics for Top Partition
 31. Elapsed Time Per Partition
 32. Analysis & Synthesis Messages
 33. Analysis & Synthesis Suppressed Messages



----------------
; Legal Notice ;
----------------
Copyright (C) 2019  Intel Corporation. All rights reserved.
Your use of Intel Corporation's design tools, logic functions 
and other software and tools, and any partner logic 
functions, and any output files from any of the foregoing 
(including device programming or simulation files), and any 
associated documentation or information are expressly subject 
to the terms and conditions of the Intel Program License 
Subscription Agreement, the Intel Quartus Prime License Agreement,
the Intel FPGA IP License Agreement, or other applicable license
agreement, including, without limitation, that your use is for
the sole purpose of programming logic devices manufactured by
Intel and sold by Intel or its authorized distributors.  Please
refer to the applicable agreement for further details, at
https://fpgasoftware.intel.com/eula.



+----------------------------------------------------------------------------------+
; Analysis & Synthesis Summary                                                     ;
+------------------------------------+---------------------------------------------+
; Analysis & Synthesis Status        ; Successful - Fri Jun 02 21:26:20 2023       ;
; Quartus Prime Version              ; 19.1.0 Build 670 09/22/2019 SJ Lite Edition ;
; Revision Name                      ; dh                                          ;
; Top-level Entity Name              ; talk_simulation                             ;
; Family                             ; Cyclone IV E                                ;
; Total logic elements               ; 0                                           ;
;     Total combinational functions  ; 0                                           ;
;     Dedicated logic registers      ; 0                                           ;
; Total registers                    ; 0                                           ;
; Total pins                         ; 5                                           ;
; Total virtual pins                 ; 0                                           ;
; Total memory bits                  ; 0                                           ;
; Embedded Multiplier 9-bit elements ; 0                                           ;
; Total PLLs                         ; 0                                           ;
+------------------------------------+---------------------------------------------+


+------------------------------------------------------------------------------------------------------------+
; Analysis & Synthesis Settings                                                                              ;
+------------------------------------------------------------------+--------------------+--------------------+
; Option                                                           ; Setting            ; Default Value      ;
+------------------------------------------------------------------+--------------------+--------------------+
; Device                                                           ; EP4CE115F29C7      ;                    ;
; Top-level entity name                                            ; talk_simulation    ; dh                 ;
; Family name                                                      ; Cyclone IV E       ; Cyclone V          ;
; Use smart compilation                                            ; Off                ; Off                ;
; Enable parallel Assembler and Timing Analyzer during compilation ; On                 ; On                 ;
; Enable compact report table                                      ; Off                ; Off                ;
; Restructure Multiplexers                                         ; Auto               ; Auto               ;
; Create Debugging Nodes for IP Cores                              ; Off                ; Off                ;
; Preserve fewer node names                                        ; On                 ; On                 ;
; Intel FPGA IP Evaluation Mode                                    ; Enable             ; Enable             ;
; Verilog Version                                                  ; Verilog_2001       ; Verilog_2001       ;
; VHDL Version                                                     ; VHDL_1993          ; VHDL_1993          ;
; State Machine Processing                                         ; Auto               ; Auto               ;
; Safe State Machine                                               ; Off                ; Off                ;
; Extract Verilog State Machines                                   ; On                 ; On                 ;
; Extract VHDL State Machines                                      ; On                 ; On                 ;
; Ignore Verilog initial constructs                                ; Off                ; Off                ;
; Iteration limit for constant Verilog loops                       ; 5000               ; 5000               ;
; Iteration limit for non-constant Verilog loops                   ; 250                ; 250                ;
; Add Pass-Through Logic to Inferred RAMs                          ; On                 ; On                 ;
; Infer RAMs from Raw Logic                                        ; On                 ; On                 ;
; Parallel Synthesis                                               ; On                 ; On                 ;
; DSP Block Balancing                                              ; Auto               ; Auto               ;
; NOT Gate Push-Back                                               ; On                 ; On                 ;
; Power-Up Don't Care                                              ; On                 ; On                 ;
; Remove Redundant Logic Cells                                     ; Off                ; Off                ;
; Remove Duplicate Registers                                       ; On                 ; On                 ;
; Ignore CARRY Buffers                                             ; Off                ; Off                ;
; Ignore CASCADE Buffers                                           ; Off                ; Off                ;
; Ignore GLOBAL Buffers                                            ; Off                ; Off                ;
; Ignore ROW GLOBAL Buffers                                        ; Off                ; Off                ;
; Ignore LCELL Buffers                                             ; Off                ; Off                ;
; Ignore SOFT Buffers                                              ; On                 ; On                 ;
; Limit AHDL Integers to 32 Bits                                   ; Off                ; Off                ;
; Optimization Technique                                           ; Balanced           ; Balanced           ;
; Carry Chain Length                                               ; 70                 ; 70                 ;
; Auto Carry Chains                                                ; On                 ; On                 ;
; Auto Open-Drain Pins                                             ; On                 ; On                 ;
; Perform WYSIWYG Primitive Resynthesis                            ; Off                ; Off                ;
; Auto ROM Replacement                                             ; On                 ; On                 ;
; Auto RAM Replacement                                             ; On                 ; On                 ;
; Auto DSP Block Replacement                                       ; On                 ; On                 ;
; Auto Shift Register Replacement                                  ; Auto               ; Auto               ;
; Allow Shift Register Merging across Hierarchies                  ; Auto               ; Auto               ;
; Auto Clock Enable Replacement                                    ; On                 ; On                 ;
; Strict RAM Replacement                                           ; Off                ; Off                ;
; Allow Synchronous Control Signals                                ; On                 ; On                 ;
; Force Use of Synchronous Clear Signals                           ; Off                ; Off                ;
; Auto RAM Block Balancing                                         ; On                 ; On                 ;
; Auto RAM to Logic Cell Conversion                                ; Off                ; Off                ;
; Auto Resource Sharing                                            ; Off                ; Off                ;
; Allow Any RAM Size For Recognition                               ; Off                ; Off                ;
; Allow Any ROM Size For Recognition                               ; Off                ; Off                ;
; Allow Any Shift Register Size For Recognition                    ; Off                ; Off                ;
; Use LogicLock Constraints during Resource Balancing              ; On                 ; On                 ;
; Ignore translate_off and synthesis_off directives                ; Off                ; Off                ;
; Timing-Driven Synthesis                                          ; On                 ; On                 ;
; Report Parameter Settings                                        ; On                 ; On                 ;
; Report Source Assignments                                        ; On                 ; On                 ;
; Report Connectivity Checks                                       ; On                 ; On                 ;
; Ignore Maximum Fan-Out Assignments                               ; Off                ; Off                ;
; Synchronization Register Chain Length                            ; 2                  ; 2                  ;
; Power Optimization During Synthesis                              ; Normal compilation ; Normal compilation ;
; HDL message level                                                ; Level2             ; Level2             ;
; Suppress Register Optimization Related Messages                  ; Off                ; Off                ;
; Number of Removed Registers Reported in Synthesis Report         ; 5000               ; 5000               ;
; Number of Swept Nodes Reported in Synthesis Report               ; 5000               ; 5000               ;
; Number of Inverted Registers Reported in Synthesis Report        ; 100                ; 100                ;
; Clock MUX Protection                                             ; On                 ; On                 ;
; Auto Gated Clock Conversion                                      ; Off                ; Off                ;
; Block Design Naming                                              ; Auto               ; Auto               ;
; SDC constraint protection                                        ; Off                ; Off                ;
; Synthesis Effort                                                 ; Auto               ; Auto               ;
; Shift Register Replacement - Allow Asynchronous Clear Signal     ; On                 ; On                 ;
; Pre-Mapping Resynthesis Optimization                             ; Off                ; Off                ;
; Analysis & Synthesis Message Level                               ; Medium             ; Medium             ;
; Disable Register Merging Across Hierarchies                      ; Auto               ; Auto               ;
; Resource Aware Inference For Block RAM                           ; On                 ; On                 ;
+------------------------------------------------------------------+--------------------+--------------------+


+------------------------------------------+
; Parallel Compilation                     ;
+----------------------------+-------------+
; Processors                 ; Number      ;
+----------------------------+-------------+
; Number detected on machine ; 4           ;
; Maximum allowed            ; 4           ;
;                            ;             ;
; Average used               ; 1.00        ;
; Maximum used               ; 1           ;
;                            ;             ;
; Usage by Processor         ; % Time Used ;
;     Processor 1            ; 100.0%      ;
+----------------------------+-------------+


+----------------------------------------------------------------------------------------------------------------------------------------+
; Analysis & Synthesis Source Files Read                                                                                                 ;
+----------------------------------+-----------------+------------------------+------------------------------------------------+---------+
; File Name with User-Entered Path ; Used in Netlist ; File Type              ; File Name with Absolute Path                   ; Library ;
+----------------------------------+-----------------+------------------------+------------------------------------------------+---------+
; cc.v                             ; yes             ; User Verilog HDL File  ; F:/SYCY/sycy_23l_projekt/dh/cc.v               ;         ;
; drone.v                          ; yes             ; User Verilog HDL File  ; F:/SYCY/sycy_23l_projekt/dh/drone.v            ;         ;
; random_generator.v               ; yes             ; User Verilog HDL File  ; F:/SYCY/sycy_23l_projekt/dh/random_generator.v ;         ;
; modularPowering.v                ; yes             ; User Verilog HDL File  ; F:/SYCY/sycy_23l_projekt/dh/modularPowering.v  ;         ;
; talk_simulation.v                ; yes             ; User Verilog HDL File  ; F:/SYCY/sycy_23l_projekt/dh/talk_simulation.v  ;         ;
+----------------------------------+-----------------+------------------------+------------------------------------------------+---------+


+-----------------------------------------------------+
; Analysis & Synthesis Resource Usage Summary         ;
+---------------------------------------------+-------+
; Resource                                    ; Usage ;
+---------------------------------------------+-------+
;                                             ;       ;
; Total combinational functions               ; 0     ;
; Logic element usage by number of LUT inputs ;       ;
;     -- 4 input functions                    ; 0     ;
;     -- 3 input functions                    ; 0     ;
;     -- <=2 input functions                  ; 0     ;
;                                             ;       ;
; Logic elements by mode                      ;       ;
;     -- normal mode                          ; 0     ;
;     -- arithmetic mode                      ; 0     ;
;                                             ;       ;
; Total registers                             ; 0     ;
;     -- Dedicated logic registers            ; 0     ;
;     -- I/O registers                        ; 0     ;
;                                             ;       ;
; I/O pins                                    ; 5     ;
;                                             ;       ;
; Embedded Multiplier 9-bit elements          ; 0     ;
;                                             ;       ;
; Maximum fan-out node                        ; ena   ;
; Maximum fan-out                             ; 1     ;
; Total fan-out                               ; 5     ;
; Average fan-out                             ; 0.50  ;
+---------------------------------------------+-------+


+--------------------------------------------------------------------------------------------------------------------------------------------------------------------------------------------------------------+
; Analysis & Synthesis Resource Utilization by Entity                                                                                                                                                          ;
+----------------------------+---------------------+---------------------------+-------------+--------------+---------+-----------+------+--------------+---------------------+-----------------+--------------+
; Compilation Hierarchy Node ; Combinational ALUTs ; Dedicated Logic Registers ; Memory Bits ; DSP Elements ; DSP 9x9 ; DSP 18x18 ; Pins ; Virtual Pins ; Full Hierarchy Name ; Entity Name     ; Library Name ;
+----------------------------+---------------------+---------------------------+-------------+--------------+---------+-----------+------+--------------+---------------------+-----------------+--------------+
; |talk_simulation           ; 0 (0)               ; 0 (0)                     ; 0           ; 0            ; 0       ; 0         ; 5    ; 0            ; |talk_simulation    ; talk_simulation ; work         ;
+----------------------------+---------------------+---------------------------+-------------+--------------+---------+-----------+------+--------------+---------------------+-----------------+--------------+
Note: For table entries with two numbers listed, the numbers in parentheses indicate the number of resources of the given type used by the specific entity alone. The numbers listed outside of parentheses indicate the total resources of the given type used by the specific entity and all of its sub-entities in the hierarchy.


Encoding Type:  One-Hot
+---------------------------------------------------------------------------------------------------------------+
; State Machine - |talk_simulation|cc:cc_inst|state_reg                                                         ;
+--------------------------------+---------------------+-----------------------+--------------------------------+
; Name                           ; state_reg.listening ; state_reg.compute_key ; state_reg.compute_second_stage ;
+--------------------------------+---------------------+-----------------------+--------------------------------+
; state_reg.listening            ; 0                   ; 0                     ; 0                              ;
; state_reg.compute_second_stage ; 1                   ; 0                     ; 1                              ;
; state_reg.compute_key          ; 1                   ; 1                     ; 0                              ;
+--------------------------------+---------------------+-----------------------+--------------------------------+


Encoding Type:  One-Hot
+---------------------------------------------------------------------------------------------------+
; State Machine - |talk_simulation|cc:cc_inst|modularPowering:modularPowering_inst_drone2|state_reg ;
+----------------------+----------------------+-----------------+----------------+------------------+
; Name                 ; state_reg.operations ; state_reg.check ; state_reg.init ; state_reg.idle   ;
+----------------------+----------------------+-----------------+----------------+------------------+
; state_reg.idle       ; 0                    ; 0               ; 0              ; 0                ;
; state_reg.init       ; 0                    ; 0               ; 1              ; 1                ;
; state_reg.check      ; 0                    ; 1               ; 0              ; 1                ;
; state_reg.operations ; 1                    ; 0               ; 0              ; 1                ;
+----------------------+----------------------+-----------------+----------------+------------------+


Encoding Type:  One-Hot
+---------------------------------------------------------------------------------------------------+
; State Machine - |talk_simulation|cc:cc_inst|modularPowering:modularPowering_inst_drone1|state_reg ;
+----------------------+----------------------+-----------------+----------------+------------------+
; Name                 ; state_reg.operations ; state_reg.check ; state_reg.init ; state_reg.idle   ;
+----------------------+----------------------+-----------------+----------------+------------------+
; state_reg.idle       ; 0                    ; 0               ; 0              ; 0                ;
; state_reg.init       ; 0                    ; 0               ; 1              ; 1                ;
; state_reg.check      ; 0                    ; 1               ; 0              ; 1                ;
; state_reg.operations ; 1                    ; 0               ; 0              ; 1                ;
+----------------------+----------------------+-----------------+----------------+------------------+


Encoding Type:  One-Hot
+--------------------------------------------------------------------------------------+
; State Machine - |talk_simulation|drone:drone2|state_reg                              ;
+-----------------------+----------------+-----------------------+---------------------+
; Name                  ; state_reg.idle ; state_reg.compute_key ; state_reg.send_mess ;
+-----------------------+----------------+-----------------------+---------------------+
; state_reg.idle        ; 0              ; 0                     ; 0                   ;
; state_reg.send_mess   ; 1              ; 0                     ; 1                   ;
; state_reg.compute_key ; 1              ; 1                     ; 0                   ;
+-----------------------+----------------+-----------------------+---------------------+


Encoding Type:  One-Hot
+-------------------------------------------------------------------------------------------------+
; State Machine - |talk_simulation|drone:drone2|modularPowering:modularPowering_inst|state_reg    ;
+----------------------+----------------------+-----------------+----------------+----------------+
; Name                 ; state_reg.operations ; state_reg.check ; state_reg.init ; state_reg.idle ;
+----------------------+----------------------+-----------------+----------------+----------------+
; state_reg.idle       ; 0                    ; 0               ; 0              ; 0              ;
; state_reg.init       ; 0                    ; 0               ; 1              ; 1              ;
; state_reg.check      ; 0                    ; 1               ; 0              ; 1              ;
; state_reg.operations ; 1                    ; 0               ; 0              ; 1              ;
+----------------------+----------------------+-----------------+----------------+----------------+


Encoding Type:  One-Hot
+--------------------------------------------------------------------------------------+
; State Machine - |talk_simulation|drone:drone1|state_reg                              ;
+-----------------------+----------------+-----------------------+---------------------+
; Name                  ; state_reg.idle ; state_reg.compute_key ; state_reg.send_mess ;
+-----------------------+----------------+-----------------------+---------------------+
; state_reg.idle        ; 0              ; 0                     ; 0                   ;
; state_reg.send_mess   ; 1              ; 0                     ; 1                   ;
; state_reg.compute_key ; 1              ; 1                     ; 0                   ;
+-----------------------+----------------+-----------------------+---------------------+


Encoding Type:  One-Hot
+-------------------------------------------------------------------------------------------------+
; State Machine - |talk_simulation|drone:drone1|modularPowering:modularPowering_inst|state_reg    ;
+----------------------+----------------------+-----------------+----------------+----------------+
; Name                 ; state_reg.operations ; state_reg.check ; state_reg.init ; state_reg.idle ;
+----------------------+----------------------+-----------------+----------------+----------------+
; state_reg.idle       ; 0                    ; 0               ; 0              ; 0              ;
; state_reg.init       ; 0                    ; 0               ; 1              ; 1              ;
; state_reg.check      ; 0                    ; 1               ; 0              ; 1              ;
; state_reg.operations ; 1                    ; 0               ; 0              ; 1              ;
+----------------------+----------------------+-----------------+----------------+----------------+


+---------------------------------------------------------------------------------------------------------------------------------------------------------+
; Registers Removed During Synthesis                                                                                                                      ;
+-----------------------------------------------------------------------------+---------------------------------------------------------------------------+
; Register name                                                               ; Reason for Removal                                                        ;
+-----------------------------------------------------------------------------+---------------------------------------------------------------------------+
; cc:cc_inst|modularPowering:modularPowering_inst_drone2|exp_reg[8]           ; Stuck at GND due to stuck port data_in                                    ;
; cc:cc_inst|modularPowering:modularPowering_inst_drone1|exp_reg[8]           ; Stuck at GND due to stuck port data_in                                    ;
; drone:drone2|modularPowering:modularPowering_inst|exp_reg[8]                ; Stuck at GND due to stuck port data_in                                    ;
; drone:drone1|modularPowering:modularPowering_inst|exp_reg[8]                ; Stuck at GND due to stuck port data_in                                    ;
; drone:drone1|random_generator:randomGenerator_inst|lfsr_reg[9]              ; Merged with cc:cc_inst|random_generator:randomGenerator_inst|lfsr_reg[9]  ;
; drone:drone2|random_generator:randomGenerator_inst|lfsr_reg[9]              ; Merged with cc:cc_inst|random_generator:randomGenerator_inst|lfsr_reg[9]  ;
; drone:drone1|random_generator:randomGenerator_inst|lfsr_reg[8]              ; Merged with cc:cc_inst|random_generator:randomGenerator_inst|lfsr_reg[8]  ;
; drone:drone2|random_generator:randomGenerator_inst|lfsr_reg[8]              ; Merged with cc:cc_inst|random_generator:randomGenerator_inst|lfsr_reg[8]  ;
; drone:drone1|random_generator:randomGenerator_inst|lfsr_reg[7]              ; Merged with cc:cc_inst|random_generator:randomGenerator_inst|lfsr_reg[7]  ;
; drone:drone2|random_generator:randomGenerator_inst|lfsr_reg[7]              ; Merged with cc:cc_inst|random_generator:randomGenerator_inst|lfsr_reg[7]  ;
; drone:drone1|random_generator:randomGenerator_inst|lfsr_reg[6]              ; Merged with cc:cc_inst|random_generator:randomGenerator_inst|lfsr_reg[6]  ;
; drone:drone2|random_generator:randomGenerator_inst|lfsr_reg[6]              ; Merged with cc:cc_inst|random_generator:randomGenerator_inst|lfsr_reg[6]  ;
; drone:drone1|random_generator:randomGenerator_inst|lfsr_reg[5]              ; Merged with cc:cc_inst|random_generator:randomGenerator_inst|lfsr_reg[5]  ;
; drone:drone2|random_generator:randomGenerator_inst|lfsr_reg[5]              ; Merged with cc:cc_inst|random_generator:randomGenerator_inst|lfsr_reg[5]  ;
; drone:drone1|random_generator:randomGenerator_inst|lfsr_reg[4]              ; Merged with cc:cc_inst|random_generator:randomGenerator_inst|lfsr_reg[4]  ;
; drone:drone2|random_generator:randomGenerator_inst|lfsr_reg[4]              ; Merged with cc:cc_inst|random_generator:randomGenerator_inst|lfsr_reg[4]  ;
; drone:drone1|random_generator:randomGenerator_inst|lfsr_reg[3]              ; Merged with cc:cc_inst|random_generator:randomGenerator_inst|lfsr_reg[3]  ;
; drone:drone2|random_generator:randomGenerator_inst|lfsr_reg[3]              ; Merged with cc:cc_inst|random_generator:randomGenerator_inst|lfsr_reg[3]  ;
; drone:drone1|random_generator:randomGenerator_inst|lfsr_reg[2]              ; Merged with cc:cc_inst|random_generator:randomGenerator_inst|lfsr_reg[2]  ;
; drone:drone2|random_generator:randomGenerator_inst|lfsr_reg[2]              ; Merged with cc:cc_inst|random_generator:randomGenerator_inst|lfsr_reg[2]  ;
; drone:drone1|random_generator:randomGenerator_inst|lfsr_reg[1]              ; Merged with cc:cc_inst|random_generator:randomGenerator_inst|lfsr_reg[1]  ;
; drone:drone2|random_generator:randomGenerator_inst|lfsr_reg[1]              ; Merged with cc:cc_inst|random_generator:randomGenerator_inst|lfsr_reg[1]  ;
; drone:drone1|random_generator:randomGenerator_inst|lfsr_reg[0]              ; Merged with cc:cc_inst|random_generator:randomGenerator_inst|lfsr_reg[0]  ;
; drone:drone2|random_generator:randomGenerator_inst|lfsr_reg[0]              ; Merged with cc:cc_inst|random_generator:randomGenerator_inst|lfsr_reg[0]  ;
; drone:drone1|random_generator:randomGenerator_inst|lfsr_reg[12]             ; Merged with cc:cc_inst|random_generator:randomGenerator_inst|lfsr_reg[12] ;
; drone:drone2|random_generator:randomGenerator_inst|lfsr_reg[12]             ; Merged with cc:cc_inst|random_generator:randomGenerator_inst|lfsr_reg[12] ;
; drone:drone1|random_generator:randomGenerator_inst|lfsr_reg[11]             ; Merged with cc:cc_inst|random_generator:randomGenerator_inst|lfsr_reg[11] ;
; drone:drone2|random_generator:randomGenerator_inst|lfsr_reg[11]             ; Merged with cc:cc_inst|random_generator:randomGenerator_inst|lfsr_reg[11] ;
; drone:drone1|random_generator:randomGenerator_inst|lfsr_reg[10]             ; Merged with cc:cc_inst|random_generator:randomGenerator_inst|lfsr_reg[10] ;
; drone:drone2|random_generator:randomGenerator_inst|lfsr_reg[10]             ; Merged with cc:cc_inst|random_generator:randomGenerator_inst|lfsr_reg[10] ;
; cc:cc_inst|modularPowering:modularPowering_inst_drone2|state_reg~8          ; Lost fanout                                                               ;
; cc:cc_inst|modularPowering:modularPowering_inst_drone2|state_reg~9          ; Lost fanout                                                               ;
; cc:cc_inst|modularPowering:modularPowering_inst_drone1|state_reg~8          ; Lost fanout                                                               ;
; cc:cc_inst|modularPowering:modularPowering_inst_drone1|state_reg~9          ; Lost fanout                                                               ;
; drone:drone2|modularPowering:modularPowering_inst|state_reg~8               ; Lost fanout                                                               ;
; drone:drone2|modularPowering:modularPowering_inst|state_reg~9               ; Lost fanout                                                               ;
; drone:drone1|modularPowering:modularPowering_inst|state_reg~8               ; Lost fanout                                                               ;
; drone:drone1|modularPowering:modularPowering_inst|state_reg~9               ; Lost fanout                                                               ;
; drone:drone2|modularPowering:modularPowering_inst|rdy                       ; Lost fanout                                                               ;
; drone:drone1|modularPowering:modularPowering_inst|rdy                       ; Lost fanout                                                               ;
; cc:cc_inst|modularPowering:modularPowering_inst_drone2|rdy                  ; Lost fanout                                                               ;
; cc:cc_inst|modularPowering:modularPowering_inst_drone1|rdy                  ; Lost fanout                                                               ;
; cc:cc_inst|modularPowering:modularPowering_inst_drone2|base_reg[0..7]       ; Lost fanout                                                               ;
; cc:cc_inst|modularPowering:modularPowering_inst_drone2|exp_reg[0..7]        ; Lost fanout                                                               ;
; cc:cc_inst|modularPowering:modularPowering_inst_drone1|base_reg[0..7]       ; Lost fanout                                                               ;
; cc:cc_inst|modularPowering:modularPowering_inst_drone1|exp_reg[0..7]        ; Lost fanout                                                               ;
; drone:drone2|modularPowering:modularPowering_inst|base_reg[0..7]            ; Lost fanout                                                               ;
; drone:drone2|modularPowering:modularPowering_inst|exp_reg[0..7]             ; Lost fanout                                                               ;
; drone:drone1|modularPowering:modularPowering_inst|base_reg[0..7]            ; Lost fanout                                                               ;
; drone:drone1|modularPowering:modularPowering_inst|exp_reg[0..7]             ; Lost fanout                                                               ;
; cc:cc_inst|random_generator:randomGenerator_inst|lfsr_reg[2..9]             ; Lost fanout                                                               ;
; cc:cc_inst|modularPowering:modularPowering_inst_drone2|res[7]               ; Lost fanout                                                               ;
; cc:cc_inst|modularPowering:modularPowering_inst_drone1|res[7]               ; Lost fanout                                                               ;
; cc:cc_inst|modularPowering:modularPowering_inst_drone2|res[6]               ; Lost fanout                                                               ;
; cc:cc_inst|modularPowering:modularPowering_inst_drone1|res[6]               ; Lost fanout                                                               ;
; cc:cc_inst|modularPowering:modularPowering_inst_drone2|res[5]               ; Lost fanout                                                               ;
; cc:cc_inst|modularPowering:modularPowering_inst_drone1|res[5]               ; Lost fanout                                                               ;
; cc:cc_inst|modularPowering:modularPowering_inst_drone2|res[4]               ; Lost fanout                                                               ;
; cc:cc_inst|modularPowering:modularPowering_inst_drone1|res[4]               ; Lost fanout                                                               ;
; cc:cc_inst|modularPowering:modularPowering_inst_drone2|res[3]               ; Lost fanout                                                               ;
; cc:cc_inst|modularPowering:modularPowering_inst_drone1|res[3]               ; Lost fanout                                                               ;
; cc:cc_inst|modularPowering:modularPowering_inst_drone2|res[2]               ; Lost fanout                                                               ;
; cc:cc_inst|modularPowering:modularPowering_inst_drone1|res[2]               ; Lost fanout                                                               ;
; cc:cc_inst|modularPowering:modularPowering_inst_drone2|res[1]               ; Lost fanout                                                               ;
; cc:cc_inst|modularPowering:modularPowering_inst_drone1|res[1]               ; Lost fanout                                                               ;
; cc:cc_inst|modularPowering:modularPowering_inst_drone2|res[0]               ; Lost fanout                                                               ;
; cc:cc_inst|modularPowering:modularPowering_inst_drone1|res[0]               ; Lost fanout                                                               ;
; cc:cc_inst|random_generator:randomGenerator_inst|lfsr_reg[1]                ; Lost fanout                                                               ;
; drone:drone2|modularPowering:modularPowering_inst|res[7]                    ; Lost fanout                                                               ;
; drone:drone1|modularPowering:modularPowering_inst|res[7]                    ; Lost fanout                                                               ;
; drone:drone2|modularPowering:modularPowering_inst|res[6]                    ; Lost fanout                                                               ;
; drone:drone1|modularPowering:modularPowering_inst|res[6]                    ; Lost fanout                                                               ;
; drone:drone2|modularPowering:modularPowering_inst|res[5]                    ; Lost fanout                                                               ;
; drone:drone1|modularPowering:modularPowering_inst|res[5]                    ; Lost fanout                                                               ;
; drone:drone2|modularPowering:modularPowering_inst|res[4]                    ; Lost fanout                                                               ;
; drone:drone1|modularPowering:modularPowering_inst|res[4]                    ; Lost fanout                                                               ;
; drone:drone2|modularPowering:modularPowering_inst|res[3]                    ; Lost fanout                                                               ;
; drone:drone1|modularPowering:modularPowering_inst|res[3]                    ; Lost fanout                                                               ;
; drone:drone2|modularPowering:modularPowering_inst|res[2]                    ; Lost fanout                                                               ;
; drone:drone1|modularPowering:modularPowering_inst|res[2]                    ; Lost fanout                                                               ;
; drone:drone2|modularPowering:modularPowering_inst|res[1]                    ; Lost fanout                                                               ;
; drone:drone1|modularPowering:modularPowering_inst|res[1]                    ; Lost fanout                                                               ;
; drone:drone2|modularPowering:modularPowering_inst|res[0]                    ; Lost fanout                                                               ;
; drone:drone1|modularPowering:modularPowering_inst|res[0]                    ; Lost fanout                                                               ;
; cc:cc_inst|random_generator:randomGenerator_inst|lfsr_reg[0,10..12]         ; Lost fanout                                                               ;
; cc:cc_inst|state_reg.compute_second_stage                                   ; Lost fanout                                                               ;
; cc:cc_inst|state_reg.compute_key                                            ; Lost fanout                                                               ;
; cc:cc_inst|state_reg.listening                                              ; Lost fanout                                                               ;
; cc:cc_inst|modularPowering:modularPowering_inst_drone2|state_reg.idle       ; Lost fanout                                                               ;
; cc:cc_inst|modularPowering:modularPowering_inst_drone2|state_reg.init       ; Lost fanout                                                               ;
; cc:cc_inst|modularPowering:modularPowering_inst_drone2|state_reg.check      ; Lost fanout                                                               ;
; cc:cc_inst|modularPowering:modularPowering_inst_drone2|state_reg.operations ; Lost fanout                                                               ;
; cc:cc_inst|modularPowering:modularPowering_inst_drone1|state_reg.idle       ; Lost fanout                                                               ;
; cc:cc_inst|modularPowering:modularPowering_inst_drone1|state_reg.init       ; Lost fanout                                                               ;
; cc:cc_inst|modularPowering:modularPowering_inst_drone1|state_reg.check      ; Lost fanout                                                               ;
; cc:cc_inst|modularPowering:modularPowering_inst_drone1|state_reg.operations ; Lost fanout                                                               ;
; drone:drone2|state_reg.send_mess                                            ; Lost fanout                                                               ;
; drone:drone2|state_reg.compute_key                                          ; Lost fanout                                                               ;
; drone:drone2|state_reg.idle                                                 ; Lost fanout                                                               ;
; drone:drone2|modularPowering:modularPowering_inst|state_reg.idle            ; Lost fanout                                                               ;
; drone:drone2|modularPowering:modularPowering_inst|state_reg.init            ; Lost fanout                                                               ;
; drone:drone2|modularPowering:modularPowering_inst|state_reg.check           ; Lost fanout                                                               ;
; drone:drone2|modularPowering:modularPowering_inst|state_reg.operations      ; Lost fanout                                                               ;
; drone:drone1|state_reg.send_mess                                            ; Lost fanout                                                               ;
; drone:drone1|state_reg.compute_key                                          ; Lost fanout                                                               ;
; drone:drone1|state_reg.idle                                                 ; Lost fanout                                                               ;
; drone:drone1|modularPowering:modularPowering_inst|state_reg.idle            ; Lost fanout                                                               ;
; drone:drone1|modularPowering:modularPowering_inst|state_reg.init            ; Lost fanout                                                               ;
; drone:drone1|modularPowering:modularPowering_inst|state_reg.check           ; Lost fanout                                                               ;
; drone:drone1|modularPowering:modularPowering_inst|state_reg.operations      ; Lost fanout                                                               ;
; Total Number of Removed Registers = 176                                     ;                                                                           ;
+-----------------------------------------------------------------------------+---------------------------------------------------------------------------+


+------------------------------------------------------------------------------------------------------------------------------------------------------------------------------+
; Removed Registers Triggering Further Register Optimizations                                                                                                                  ;
+--------------------------------------------------------------------+---------------------------+-----------------------------------------------------------------------------+
; Register name                                                      ; Reason for Removal        ; Registers Removed due to This Register                                      ;
+--------------------------------------------------------------------+---------------------------+-----------------------------------------------------------------------------+
; cc:cc_inst|modularPowering:modularPowering_inst_drone2|exp_reg[8]  ; Stuck at GND              ; drone:drone2|modularPowering:modularPowering_inst|rdy,                      ;
;                                                                    ; due to stuck port data_in ; drone:drone2|modularPowering:modularPowering_inst|base_reg[5],              ;
;                                                                    ;                           ; drone:drone2|modularPowering:modularPowering_inst|base_reg[4],              ;
;                                                                    ;                           ; drone:drone2|modularPowering:modularPowering_inst|base_reg[3],              ;
;                                                                    ;                           ; drone:drone2|modularPowering:modularPowering_inst|base_reg[2],              ;
;                                                                    ;                           ; drone:drone2|modularPowering:modularPowering_inst|exp_reg[6],               ;
;                                                                    ;                           ; drone:drone2|modularPowering:modularPowering_inst|exp_reg[5],               ;
;                                                                    ;                           ; cc:cc_inst|random_generator:randomGenerator_inst|lfsr_reg[9]                ;
; cc:cc_inst|modularPowering:modularPowering_inst_drone2|rdy         ; Lost Fanouts              ; cc:cc_inst|modularPowering:modularPowering_inst_drone2|base_reg[5],         ;
;                                                                    ;                           ; cc:cc_inst|modularPowering:modularPowering_inst_drone2|base_reg[4],         ;
;                                                                    ;                           ; cc:cc_inst|modularPowering:modularPowering_inst_drone2|base_reg[3],         ;
;                                                                    ;                           ; cc:cc_inst|modularPowering:modularPowering_inst_drone2|base_reg[2],         ;
;                                                                    ;                           ; cc:cc_inst|modularPowering:modularPowering_inst_drone2|exp_reg[6],          ;
;                                                                    ;                           ; cc:cc_inst|modularPowering:modularPowering_inst_drone2|exp_reg[5],          ;
;                                                                    ;                           ; cc:cc_inst|random_generator:randomGenerator_inst|lfsr_reg[8],               ;
;                                                                    ;                           ; cc:cc_inst|random_generator:randomGenerator_inst|lfsr_reg[7]                ;
; cc:cc_inst|modularPowering:modularPowering_inst_drone2|state_reg~8 ; Lost Fanouts              ; cc:cc_inst|modularPowering:modularPowering_inst_drone2|base_reg[7],         ;
;                                                                    ;                           ; cc:cc_inst|modularPowering:modularPowering_inst_drone2|base_reg[6],         ;
;                                                                    ;                           ; cc:cc_inst|modularPowering:modularPowering_inst_drone2|exp_reg[7],          ;
;                                                                    ;                           ; cc:cc_inst|modularPowering:modularPowering_inst_drone2|state_reg.init,      ;
;                                                                    ;                           ; cc:cc_inst|modularPowering:modularPowering_inst_drone2|state_reg.check,     ;
;                                                                    ;                           ; cc:cc_inst|modularPowering:modularPowering_inst_drone2|state_reg.operations ;
; cc:cc_inst|modularPowering:modularPowering_inst_drone1|state_reg~8 ; Lost Fanouts              ; cc:cc_inst|modularPowering:modularPowering_inst_drone1|base_reg[7],         ;
;                                                                    ;                           ; cc:cc_inst|modularPowering:modularPowering_inst_drone1|base_reg[6],         ;
;                                                                    ;                           ; cc:cc_inst|modularPowering:modularPowering_inst_drone1|exp_reg[7],          ;
;                                                                    ;                           ; cc:cc_inst|modularPowering:modularPowering_inst_drone1|state_reg.init,      ;
;                                                                    ;                           ; cc:cc_inst|modularPowering:modularPowering_inst_drone1|state_reg.check,     ;
;                                                                    ;                           ; cc:cc_inst|modularPowering:modularPowering_inst_drone1|state_reg.operations ;
; drone:drone2|modularPowering:modularPowering_inst|state_reg~8      ; Lost Fanouts              ; drone:drone2|modularPowering:modularPowering_inst|base_reg[7],              ;
;                                                                    ;                           ; drone:drone2|modularPowering:modularPowering_inst|base_reg[6],              ;
;                                                                    ;                           ; drone:drone2|modularPowering:modularPowering_inst|exp_reg[7],               ;
;                                                                    ;                           ; drone:drone2|modularPowering:modularPowering_inst|state_reg.init,           ;
;                                                                    ;                           ; drone:drone2|modularPowering:modularPowering_inst|state_reg.check,          ;
;                                                                    ;                           ; drone:drone2|modularPowering:modularPowering_inst|state_reg.operations      ;
; drone:drone1|modularPowering:modularPowering_inst|state_reg~8      ; Lost Fanouts              ; drone:drone1|modularPowering:modularPowering_inst|base_reg[7],              ;
;                                                                    ;                           ; drone:drone1|modularPowering:modularPowering_inst|base_reg[6],              ;
;                                                                    ;                           ; drone:drone1|modularPowering:modularPowering_inst|exp_reg[7],               ;
;                                                                    ;                           ; drone:drone1|modularPowering:modularPowering_inst|state_reg.init,           ;
;                                                                    ;                           ; drone:drone1|modularPowering:modularPowering_inst|state_reg.check,          ;
;                                                                    ;                           ; drone:drone1|modularPowering:modularPowering_inst|state_reg.operations      ;
; drone:drone1|modularPowering:modularPowering_inst|rdy              ; Lost Fanouts              ; drone:drone1|modularPowering:modularPowering_inst|base_reg[5],              ;
;                                                                    ;                           ; drone:drone1|modularPowering:modularPowering_inst|base_reg[4],              ;
;                                                                    ;                           ; drone:drone1|modularPowering:modularPowering_inst|base_reg[3],              ;
;                                                                    ;                           ; drone:drone1|modularPowering:modularPowering_inst|base_reg[2],              ;
;                                                                    ;                           ; drone:drone1|modularPowering:modularPowering_inst|exp_reg[6],               ;
;                                                                    ;                           ; drone:drone1|modularPowering:modularPowering_inst|exp_reg[5]                ;
; cc:cc_inst|modularPowering:modularPowering_inst_drone1|rdy         ; Lost Fanouts              ; cc:cc_inst|modularPowering:modularPowering_inst_drone1|base_reg[5],         ;
;                                                                    ;                           ; cc:cc_inst|modularPowering:modularPowering_inst_drone1|base_reg[4],         ;
;                                                                    ;                           ; cc:cc_inst|modularPowering:modularPowering_inst_drone1|base_reg[3],         ;
;                                                                    ;                           ; cc:cc_inst|modularPowering:modularPowering_inst_drone1|base_reg[2],         ;
;                                                                    ;                           ; cc:cc_inst|modularPowering:modularPowering_inst_drone1|exp_reg[6],          ;
;                                                                    ;                           ; cc:cc_inst|modularPowering:modularPowering_inst_drone1|exp_reg[5]           ;
; cc:cc_inst|modularPowering:modularPowering_inst_drone2|exp_reg[0]  ; Lost Fanouts              ; cc:cc_inst|random_generator:randomGenerator_inst|lfsr_reg[2],               ;
;                                                                    ;                           ; cc:cc_inst|random_generator:randomGenerator_inst|lfsr_reg[1],               ;
;                                                                    ;                           ; cc:cc_inst|random_generator:randomGenerator_inst|lfsr_reg[0],               ;
;                                                                    ;                           ; cc:cc_inst|random_generator:randomGenerator_inst|lfsr_reg[12],              ;
;                                                                    ;                           ; cc:cc_inst|random_generator:randomGenerator_inst|lfsr_reg[11],              ;
;                                                                    ;                           ; cc:cc_inst|random_generator:randomGenerator_inst|lfsr_reg[10]               ;
; cc:cc_inst|modularPowering:modularPowering_inst_drone2|state_reg~9 ; Lost Fanouts              ; cc:cc_inst|modularPowering:modularPowering_inst_drone2|state_reg.idle       ;
; cc:cc_inst|modularPowering:modularPowering_inst_drone1|state_reg~9 ; Lost Fanouts              ; cc:cc_inst|modularPowering:modularPowering_inst_drone1|state_reg.idle       ;
; drone:drone2|modularPowering:modularPowering_inst|state_reg~9      ; Lost Fanouts              ; drone:drone2|modularPowering:modularPowering_inst|state_reg.idle            ;
; drone:drone1|modularPowering:modularPowering_inst|state_reg~9      ; Lost Fanouts              ; drone:drone1|modularPowering:modularPowering_inst|state_reg.idle            ;
; cc:cc_inst|modularPowering:modularPowering_inst_drone2|exp_reg[4]  ; Lost Fanouts              ; cc:cc_inst|random_generator:randomGenerator_inst|lfsr_reg[6]                ;
; cc:cc_inst|modularPowering:modularPowering_inst_drone2|exp_reg[3]  ; Lost Fanouts              ; cc:cc_inst|random_generator:randomGenerator_inst|lfsr_reg[5]                ;
; cc:cc_inst|modularPowering:modularPowering_inst_drone2|exp_reg[2]  ; Lost Fanouts              ; cc:cc_inst|random_generator:randomGenerator_inst|lfsr_reg[4]                ;
; cc:cc_inst|modularPowering:modularPowering_inst_drone2|exp_reg[1]  ; Lost Fanouts              ; cc:cc_inst|random_generator:randomGenerator_inst|lfsr_reg[3]                ;
+--------------------------------------------------------------------+---------------------------+-----------------------------------------------------------------------------+


+------------------------------------------------------+
; General Register Statistics                          ;
+----------------------------------------------+-------+
; Statistic                                    ; Value ;
+----------------------------------------------+-------+
; Total registers                              ; 0     ;
; Number of registers using Synchronous Clear  ; 0     ;
; Number of registers using Synchronous Load   ; 0     ;
; Number of registers using Asynchronous Clear ; 0     ;
; Number of registers using Asynchronous Load  ; 0     ;
; Number of registers using Clock Enable       ; 0     ;
; Number of registers using Preset             ; 0     ;
+----------------------------------------------+-------+


+---------------------------------------------------------------------------------------------------------------------------------------------------------------------------------------------------+
; Multiplexer Restructuring Statistics (Restructuring Performed)                                                                                                                                    ;
+--------------------+-----------+---------------+----------------------+------------------------+------------+-------------------------------------------------------------------------------------+
; Multiplexer Inputs ; Bus Width ; Baseline Area ; Area if Restructured ; Saving if Restructured ; Registered ; Example Multiplexer Output                                                          ;
+--------------------+-----------+---------------+----------------------+------------------------+------------+-------------------------------------------------------------------------------------+
; 3:1                ; 7 bits    ; 14 LEs        ; 7 LEs                ; 7 LEs                  ; Yes        ; |talk_simulation|cc:cc_inst|modularPowering:modularPowering_inst_drone2|exp_reg[0]  ;
; 3:1                ; 7 bits    ; 14 LEs        ; 7 LEs                ; 7 LEs                  ; Yes        ; |talk_simulation|cc:cc_inst|modularPowering:modularPowering_inst_drone1|exp_reg[0]  ;
; 3:1                ; 7 bits    ; 14 LEs        ; 7 LEs                ; 7 LEs                  ; Yes        ; |talk_simulation|drone:drone2|modularPowering:modularPowering_inst|exp_reg[1]       ;
; 3:1                ; 7 bits    ; 14 LEs        ; 7 LEs                ; 7 LEs                  ; Yes        ; |talk_simulation|drone:drone1|modularPowering:modularPowering_inst|exp_reg[4]       ;
; 3:1                ; 8 bits    ; 16 LEs        ; 8 LEs                ; 8 LEs                  ; Yes        ; |talk_simulation|cc:cc_inst|modularPowering:modularPowering_inst_drone2|base_reg[1] ;
; 3:1                ; 8 bits    ; 16 LEs        ; 8 LEs                ; 8 LEs                  ; Yes        ; |talk_simulation|cc:cc_inst|modularPowering:modularPowering_inst_drone1|base_reg[2] ;
; 3:1                ; 8 bits    ; 16 LEs        ; 8 LEs                ; 8 LEs                  ; Yes        ; |talk_simulation|drone:drone2|modularPowering:modularPowering_inst|base_reg[7]      ;
; 3:1                ; 8 bits    ; 16 LEs        ; 8 LEs                ; 8 LEs                  ; Yes        ; |talk_simulation|drone:drone1|modularPowering:modularPowering_inst|base_reg[7]      ;
; 3:1                ; 8 bits    ; 16 LEs        ; 16 LEs               ; 0 LEs                  ; No         ; |talk_simulation|cc:cc_inst|mess_out[7]                                             ;
; 3:1                ; 8 bits    ; 16 LEs        ; 16 LEs               ; 0 LEs                  ; No         ; |talk_simulation|mess_inputCC[4]                                                    ;
+--------------------+-----------+---------------+----------------------+------------------------+------------+-------------------------------------------------------------------------------------+


+---------------------------------------------------------------------------------+
; Parameter Settings for User Entity Instance: Top-level Entity: |talk_simulation ;
+----------------+-------+--------------------------------------------------------+
; Parameter Name ; Value ; Type                                                   ;
+----------------+-------+--------------------------------------------------------+
; N              ; 8     ; Signed Integer                                         ;
+----------------+-------+--------------------------------------------------------+
Note: In order to hide this table in the UI and the text report file, please set the "Show Parameter Settings in Synthesis Report" option in "Analysis and Synthesis Settings -> More Settings" to "Off".


+-----------------------------------------------------------+
; Parameter Settings for User Entity Instance: drone:drone1 ;
+----------------+-------+----------------------------------+
; Parameter Name ; Value ; Type                             ;
+----------------+-------+----------------------------------+
; N              ; 8     ; Signed Integer                   ;
; Prime          ; 137   ; Signed Integer                   ;
; Generator      ; 5     ; Signed Integer                   ;
; ID             ; 1     ; Signed Integer                   ;
+----------------+-------+----------------------------------+
Note: In order to hide this table in the UI and the text report file, please set the "Show Parameter Settings in Synthesis Report" option in "Analysis and Synthesis Settings -> More Settings" to "Off".


+------------------------------------------------------------------------------------------------+
; Parameter Settings for User Entity Instance: drone:drone1|modularPowering:modularPowering_inst ;
+----------------+-------+-----------------------------------------------------------------------+
; Parameter Name ; Value ; Type                                                                  ;
+----------------+-------+-----------------------------------------------------------------------+
; N              ; 8     ; Signed Integer                                                        ;
; P              ; 137   ; Signed Integer                                                        ;
+----------------+-------+-----------------------------------------------------------------------+
Note: In order to hide this table in the UI and the text report file, please set the "Show Parameter Settings in Synthesis Report" option in "Analysis and Synthesis Settings -> More Settings" to "Off".


+-----------------------------------------------------------+
; Parameter Settings for User Entity Instance: drone:drone2 ;
+----------------+-------+----------------------------------+
; Parameter Name ; Value ; Type                             ;
+----------------+-------+----------------------------------+
; N              ; 8     ; Signed Integer                   ;
; Prime          ; 229   ; Signed Integer                   ;
; Generator      ; 2     ; Signed Integer                   ;
; ID             ; 2     ; Signed Integer                   ;
+----------------+-------+----------------------------------+
Note: In order to hide this table in the UI and the text report file, please set the "Show Parameter Settings in Synthesis Report" option in "Analysis and Synthesis Settings -> More Settings" to "Off".


+------------------------------------------------------------------------------------------------+
; Parameter Settings for User Entity Instance: drone:drone2|modularPowering:modularPowering_inst ;
+----------------+-------+-----------------------------------------------------------------------+
; Parameter Name ; Value ; Type                                                                  ;
+----------------+-------+-----------------------------------------------------------------------+
; N              ; 8     ; Signed Integer                                                        ;
; P              ; 229   ; Signed Integer                                                        ;
+----------------+-------+-----------------------------------------------------------------------+
Note: In order to hide this table in the UI and the text report file, please set the "Show Parameter Settings in Synthesis Report" option in "Analysis and Synthesis Settings -> More Settings" to "Off".


+---------------------------------------------------------+
; Parameter Settings for User Entity Instance: cc:cc_inst ;
+------------------+-------+------------------------------+
; Parameter Name   ; Value ; Type                         ;
+------------------+-------+------------------------------+
; N                ; 8     ; Signed Integer               ;
; drone1_prime     ; 137   ; Signed Integer               ;
; drone1_generator ; 5     ; Signed Integer               ;
; drone2_prime     ; 229   ; Signed Integer               ;
; drone2_generator ; 2     ; Signed Integer               ;
+------------------+-------+------------------------------+
Note: In order to hide this table in the UI and the text report file, please set the "Show Parameter Settings in Synthesis Report" option in "Analysis and Synthesis Settings -> More Settings" to "Off".


+-----------------------------------------------------------------------------------------------------+
; Parameter Settings for User Entity Instance: cc:cc_inst|modularPowering:modularPowering_inst_drone1 ;
+----------------+-------+----------------------------------------------------------------------------+
; Parameter Name ; Value ; Type                                                                       ;
+----------------+-------+----------------------------------------------------------------------------+
; N              ; 8     ; Signed Integer                                                             ;
; P              ; 137   ; Signed Integer                                                             ;
+----------------+-------+----------------------------------------------------------------------------+
Note: In order to hide this table in the UI and the text report file, please set the "Show Parameter Settings in Synthesis Report" option in "Analysis and Synthesis Settings -> More Settings" to "Off".


+-----------------------------------------------------------------------------------------------------+
; Parameter Settings for User Entity Instance: cc:cc_inst|modularPowering:modularPowering_inst_drone2 ;
+----------------+-------+----------------------------------------------------------------------------+
; Parameter Name ; Value ; Type                                                                       ;
+----------------+-------+----------------------------------------------------------------------------+
; N              ; 8     ; Signed Integer                                                             ;
; P              ; 229   ; Signed Integer                                                             ;
+----------------+-------+----------------------------------------------------------------------------+
Note: In order to hide this table in the UI and the text report file, please set the "Show Parameter Settings in Synthesis Report" option in "Analysis and Synthesis Settings -> More Settings" to "Off".


+-------------------------------------------------------------------------------------------------------------------+
; Port Connectivity Checks: "cc:cc_inst"                                                                            ;
+---------+--------+----------+-------------------------------------------------------------------------------------+
; Port    ; Type   ; Severity ; Details                                                                             ;
+---------+--------+----------+-------------------------------------------------------------------------------------+
; key     ; Output ; Info     ; Connected to dangling logic. Logic that only feeds a dangling port will be removed. ;
; key_rdy ; Output ; Info     ; Connected to dangling logic. Logic that only feeds a dangling port will be removed. ;
+---------+--------+----------+-------------------------------------------------------------------------------------+


+-------------------------------------------------------------------------------------------------------------------+
; Port Connectivity Checks: "drone:drone2"                                                                          ;
+---------+--------+----------+-------------------------------------------------------------------------------------+
; Port    ; Type   ; Severity ; Details                                                                             ;
+---------+--------+----------+-------------------------------------------------------------------------------------+
; key     ; Output ; Info     ; Connected to dangling logic. Logic that only feeds a dangling port will be removed. ;
; key_rdy ; Output ; Info     ; Connected to dangling logic. Logic that only feeds a dangling port will be removed. ;
+---------+--------+----------+-------------------------------------------------------------------------------------+


+-------------------------------------------------------------------------------------------------------------------+
; Port Connectivity Checks: "drone:drone1"                                                                          ;
+---------+--------+----------+-------------------------------------------------------------------------------------+
; Port    ; Type   ; Severity ; Details                                                                             ;
+---------+--------+----------+-------------------------------------------------------------------------------------+
; key     ; Output ; Info     ; Connected to dangling logic. Logic that only feeds a dangling port will be removed. ;
; key_rdy ; Output ; Info     ; Connected to dangling logic. Logic that only feeds a dangling port will be removed. ;
+---------+--------+----------+-------------------------------------------------------------------------------------+


+-----------------------------------------------------+
; Post-Synthesis Netlist Statistics for Top Partition ;
+-------------------+---------------------------------+
; Type              ; Count                           ;
+-------------------+---------------------------------+
; boundary_port     ; 5                               ;
;                   ;                                 ;
; Max LUT depth     ; 0.00                            ;
; Average LUT depth ; 0.00                            ;
+-------------------+---------------------------------+


+-------------------------------+
; Elapsed Time Per Partition    ;
+----------------+--------------+
; Partition Name ; Elapsed Time ;
+----------------+--------------+
; Top            ; 00:00:00     ;
+----------------+--------------+


+-------------------------------+
; Analysis & Synthesis Messages ;
+-------------------------------+
Info: *******************************************************************
Info: Running Quartus Prime Analysis & Synthesis
    Info: Version 19.1.0 Build 670 09/22/2019 SJ Lite Edition
    Info: Processing started: Fri Jun 02 21:26:12 2023
Info: Command: quartus_map --read_settings_files=on --write_settings_files=off dh -c dh
Warning (18236): Number of processors has not been specified which may cause overloading on shared machines.  Set the global assignment NUM_PARALLEL_PROCESSORS in your QSF to an appropriate value for best performance.
Info (20030): Parallel compilation is enabled and will use 4 of the 4 processors detected
Info (12021): Found 1 design units, including 1 entities, in source file cc.v
    Info (12023): Found entity 1: cc File: F:/SYCY/sycy_23l_projekt/dh/cc.v Line: 1
Info (12021): Found 1 design units, including 1 entities, in source file drone.v
    Info (12023): Found entity 1: drone File: F:/SYCY/sycy_23l_projekt/dh/drone.v Line: 1
Info (12021): Found 1 design units, including 1 entities, in source file random_generator.v
    Info (12023): Found entity 1: random_generator File: F:/SYCY/sycy_23l_projekt/dh/random_generator.v Line: 1
Info (12021): Found 1 design units, including 1 entities, in source file modularpowering.v
    Info (12023): Found entity 1: modularPowering File: F:/SYCY/sycy_23l_projekt/dh/modularPowering.v Line: 1
Info (12021): Found 1 design units, including 1 entities, in source file talk_simulation.v
    Info (12023): Found entity 1: talk_simulation File: F:/SYCY/sycy_23l_projekt/dh/talk_simulation.v Line: 1
Info (12127): Elaborating entity "talk_simulation" for the top level hierarchy
Warning (10230): Verilog HDL assignment warning at talk_simulation.v(20): truncated value with size 32 to match size of target (16) File: F:/SYCY/sycy_23l_projekt/dh/talk_simulation.v Line: 20
Warning (10230): Verilog HDL assignment warning at talk_simulation.v(21): truncated value with size 32 to match size of target (1) File: F:/SYCY/sycy_23l_projekt/dh/talk_simulation.v Line: 21
Warning (10230): Verilog HDL assignment warning at talk_simulation.v(22): truncated value with size 32 to match size of target (8) File: F:/SYCY/sycy_23l_projekt/dh/talk_simulation.v Line: 22
Warning (10230): Verilog HDL assignment warning at talk_simulation.v(23): truncated value with size 32 to match size of target (8) File: F:/SYCY/sycy_23l_projekt/dh/talk_simulation.v Line: 23
Warning (10230): Verilog HDL assignment warning at talk_simulation.v(24): truncated value with size 32 to match size of target (1) File: F:/SYCY/sycy_23l_projekt/dh/talk_simulation.v Line: 24
Warning (10230): Verilog HDL assignment warning at talk_simulation.v(25): truncated value with size 32 to match size of target (1) File: F:/SYCY/sycy_23l_projekt/dh/talk_simulation.v Line: 25
Info (12128): Elaborating entity "drone" for hierarchy "drone:drone1" File: F:/SYCY/sycy_23l_projekt/dh/talk_simulation.v Line: 40
Warning (10230): Verilog HDL assignment warning at drone.v(19): truncated value with size 32 to match size of target (8) File: F:/SYCY/sycy_23l_projekt/dh/drone.v Line: 19
Warning (10230): Verilog HDL assignment warning at drone.v(22): truncated value with size 32 to match size of target (8) File: F:/SYCY/sycy_23l_projekt/dh/drone.v Line: 22
Warning (10240): Verilog HDL Always Construct warning at drone.v(49): inferring latch(es) for variable "privateKey_reg", which holds its previous value in one or more paths through the always construct File: F:/SYCY/sycy_23l_projekt/dh/drone.v Line: 49
Warning (10240): Verilog HDL Always Construct warning at drone.v(49): inferring latch(es) for variable "modPower_base", which holds its previous value in one or more paths through the always construct File: F:/SYCY/sycy_23l_projekt/dh/drone.v Line: 49
Warning (10240): Verilog HDL Always Construct warning at drone.v(49): inferring latch(es) for variable "wait_for_cc", which holds its previous value in one or more paths through the always construct File: F:/SYCY/sycy_23l_projekt/dh/drone.v Line: 49
Info (10041): Inferred latch for "wait_for_cc" at drone.v(49) File: F:/SYCY/sycy_23l_projekt/dh/drone.v Line: 49
Info (10041): Inferred latch for "modPower_base[0]" at drone.v(49) File: F:/SYCY/sycy_23l_projekt/dh/drone.v Line: 49
Info (10041): Inferred latch for "modPower_base[1]" at drone.v(49) File: F:/SYCY/sycy_23l_projekt/dh/drone.v Line: 49
Info (10041): Inferred latch for "modPower_base[2]" at drone.v(49) File: F:/SYCY/sycy_23l_projekt/dh/drone.v Line: 49
Info (10041): Inferred latch for "modPower_base[3]" at drone.v(49) File: F:/SYCY/sycy_23l_projekt/dh/drone.v Line: 49
Info (10041): Inferred latch for "modPower_base[4]" at drone.v(49) File: F:/SYCY/sycy_23l_projekt/dh/drone.v Line: 49
Info (10041): Inferred latch for "modPower_base[5]" at drone.v(49) File: F:/SYCY/sycy_23l_projekt/dh/drone.v Line: 49
Info (10041): Inferred latch for "modPower_base[6]" at drone.v(49) File: F:/SYCY/sycy_23l_projekt/dh/drone.v Line: 49
Info (10041): Inferred latch for "modPower_base[7]" at drone.v(49) File: F:/SYCY/sycy_23l_projekt/dh/drone.v Line: 49
Info (10041): Inferred latch for "privateKey_reg[0]" at drone.v(49) File: F:/SYCY/sycy_23l_projekt/dh/drone.v Line: 49
Info (10041): Inferred latch for "privateKey_reg[1]" at drone.v(49) File: F:/SYCY/sycy_23l_projekt/dh/drone.v Line: 49
Info (10041): Inferred latch for "privateKey_reg[2]" at drone.v(49) File: F:/SYCY/sycy_23l_projekt/dh/drone.v Line: 49
Info (10041): Inferred latch for "privateKey_reg[3]" at drone.v(49) File: F:/SYCY/sycy_23l_projekt/dh/drone.v Line: 49
Info (10041): Inferred latch for "privateKey_reg[4]" at drone.v(49) File: F:/SYCY/sycy_23l_projekt/dh/drone.v Line: 49
Info (10041): Inferred latch for "privateKey_reg[5]" at drone.v(49) File: F:/SYCY/sycy_23l_projekt/dh/drone.v Line: 49
Info (10041): Inferred latch for "privateKey_reg[6]" at drone.v(49) File: F:/SYCY/sycy_23l_projekt/dh/drone.v Line: 49
Info (10041): Inferred latch for "privateKey_reg[7]" at drone.v(49) File: F:/SYCY/sycy_23l_projekt/dh/drone.v Line: 49
Info (12128): Elaborating entity "modularPowering" for hierarchy "drone:drone1|modularPowering:modularPowering_inst" File: F:/SYCY/sycy_23l_projekt/dh/drone.v Line: 96
Warning (10230): Verilog HDL assignment warning at modularPowering.v(16): truncated value with size 3 to match size of target (2) File: F:/SYCY/sycy_23l_projekt/dh/modularPowering.v Line: 16
Warning (10230): Verilog HDL assignment warning at modularPowering.v(17): truncated value with size 3 to match size of target (2) File: F:/SYCY/sycy_23l_projekt/dh/modularPowering.v Line: 17
Warning (10230): Verilog HDL assignment warning at modularPowering.v(18): truncated value with size 3 to match size of target (2) File: F:/SYCY/sycy_23l_projekt/dh/modularPowering.v Line: 18
Warning (10230): Verilog HDL assignment warning at modularPowering.v(19): truncated value with size 3 to match size of target (2) File: F:/SYCY/sycy_23l_projekt/dh/modularPowering.v Line: 19
Warning (10230): Verilog HDL assignment warning at modularPowering.v(73): truncated value with size 32 to match size of target (8) File: F:/SYCY/sycy_23l_projekt/dh/modularPowering.v Line: 73
Warning (10230): Verilog HDL assignment warning at modularPowering.v(79): truncated value with size 32 to match size of target (8) File: F:/SYCY/sycy_23l_projekt/dh/modularPowering.v Line: 79
Warning (10230): Verilog HDL assignment warning at modularPowering.v(81): truncated value with size 32 to match size of target (8) File: F:/SYCY/sycy_23l_projekt/dh/modularPowering.v Line: 81
Warning (10270): Verilog HDL Case Statement warning at modularPowering.v(71): incomplete case statement has no default case item File: F:/SYCY/sycy_23l_projekt/dh/modularPowering.v Line: 71
Info (10264): Verilog HDL Case Statement information at modularPowering.v(71): all case item expressions in this case statement are onehot File: F:/SYCY/sycy_23l_projekt/dh/modularPowering.v Line: 71
Info (12128): Elaborating entity "random_generator" for hierarchy "drone:drone1|random_generator:randomGenerator_inst" File: F:/SYCY/sycy_23l_projekt/dh/drone.v Line: 103
Info (12128): Elaborating entity "drone" for hierarchy "drone:drone2" File: F:/SYCY/sycy_23l_projekt/dh/talk_simulation.v Line: 54
Warning (10230): Verilog HDL assignment warning at drone.v(19): truncated value with size 32 to match size of target (8) File: F:/SYCY/sycy_23l_projekt/dh/drone.v Line: 19
Warning (10230): Verilog HDL assignment warning at drone.v(22): truncated value with size 32 to match size of target (8) File: F:/SYCY/sycy_23l_projekt/dh/drone.v Line: 22
Warning (10240): Verilog HDL Always Construct warning at drone.v(49): inferring latch(es) for variable "privateKey_reg", which holds its previous value in one or more paths through the always construct File: F:/SYCY/sycy_23l_projekt/dh/drone.v Line: 49
Warning (10240): Verilog HDL Always Construct warning at drone.v(49): inferring latch(es) for variable "modPower_base", which holds its previous value in one or more paths through the always construct File: F:/SYCY/sycy_23l_projekt/dh/drone.v Line: 49
Warning (10240): Verilog HDL Always Construct warning at drone.v(49): inferring latch(es) for variable "wait_for_cc", which holds its previous value in one or more paths through the always construct File: F:/SYCY/sycy_23l_projekt/dh/drone.v Line: 49
Info (10041): Inferred latch for "wait_for_cc" at drone.v(49) File: F:/SYCY/sycy_23l_projekt/dh/drone.v Line: 49
Info (10041): Inferred latch for "modPower_base[0]" at drone.v(49) File: F:/SYCY/sycy_23l_projekt/dh/drone.v Line: 49
Info (10041): Inferred latch for "modPower_base[1]" at drone.v(49) File: F:/SYCY/sycy_23l_projekt/dh/drone.v Line: 49
Info (10041): Inferred latch for "modPower_base[2]" at drone.v(49) File: F:/SYCY/sycy_23l_projekt/dh/drone.v Line: 49
Info (10041): Inferred latch for "modPower_base[3]" at drone.v(49) File: F:/SYCY/sycy_23l_projekt/dh/drone.v Line: 49
Info (10041): Inferred latch for "modPower_base[4]" at drone.v(49) File: F:/SYCY/sycy_23l_projekt/dh/drone.v Line: 49
Info (10041): Inferred latch for "modPower_base[5]" at drone.v(49) File: F:/SYCY/sycy_23l_projekt/dh/drone.v Line: 49
Info (10041): Inferred latch for "modPower_base[6]" at drone.v(49) File: F:/SYCY/sycy_23l_projekt/dh/drone.v Line: 49
Info (10041): Inferred latch for "modPower_base[7]" at drone.v(49) File: F:/SYCY/sycy_23l_projekt/dh/drone.v Line: 49
Info (10041): Inferred latch for "privateKey_reg[0]" at drone.v(49) File: F:/SYCY/sycy_23l_projekt/dh/drone.v Line: 49
Info (10041): Inferred latch for "privateKey_reg[1]" at drone.v(49) File: F:/SYCY/sycy_23l_projekt/dh/drone.v Line: 49
Info (10041): Inferred latch for "privateKey_reg[2]" at drone.v(49) File: F:/SYCY/sycy_23l_projekt/dh/drone.v Line: 49
Info (10041): Inferred latch for "privateKey_reg[3]" at drone.v(49) File: F:/SYCY/sycy_23l_projekt/dh/drone.v Line: 49
Info (10041): Inferred latch for "privateKey_reg[4]" at drone.v(49) File: F:/SYCY/sycy_23l_projekt/dh/drone.v Line: 49
Info (10041): Inferred latch for "privateKey_reg[5]" at drone.v(49) File: F:/SYCY/sycy_23l_projekt/dh/drone.v Line: 49
Info (10041): Inferred latch for "privateKey_reg[6]" at drone.v(49) File: F:/SYCY/sycy_23l_projekt/dh/drone.v Line: 49
Info (10041): Inferred latch for "privateKey_reg[7]" at drone.v(49) File: F:/SYCY/sycy_23l_projekt/dh/drone.v Line: 49
Info (12128): Elaborating entity "modularPowering" for hierarchy "drone:drone2|modularPowering:modularPowering_inst" File: F:/SYCY/sycy_23l_projekt/dh/drone.v Line: 96
Warning (10230): Verilog HDL assignment warning at modularPowering.v(16): truncated value with size 3 to match size of target (2) File: F:/SYCY/sycy_23l_projekt/dh/modularPowering.v Line: 16
Warning (10230): Verilog HDL assignment warning at modularPowering.v(17): truncated value with size 3 to match size of target (2) File: F:/SYCY/sycy_23l_projekt/dh/modularPowering.v Line: 17
Warning (10230): Verilog HDL assignment warning at modularPowering.v(18): truncated value with size 3 to match size of target (2) File: F:/SYCY/sycy_23l_projekt/dh/modularPowering.v Line: 18
Warning (10230): Verilog HDL assignment warning at modularPowering.v(19): truncated value with size 3 to match size of target (2) File: F:/SYCY/sycy_23l_projekt/dh/modularPowering.v Line: 19
Warning (10230): Verilog HDL assignment warning at modularPowering.v(73): truncated value with size 32 to match size of target (8) File: F:/SYCY/sycy_23l_projekt/dh/modularPowering.v Line: 73
Warning (10230): Verilog HDL assignment warning at modularPowering.v(79): truncated value with size 32 to match size of target (8) File: F:/SYCY/sycy_23l_projekt/dh/modularPowering.v Line: 79
Warning (10230): Verilog HDL assignment warning at modularPowering.v(81): truncated value with size 32 to match size of target (8) File: F:/SYCY/sycy_23l_projekt/dh/modularPowering.v Line: 81
Warning (10270): Verilog HDL Case Statement warning at modularPowering.v(71): incomplete case statement has no default case item File: F:/SYCY/sycy_23l_projekt/dh/modularPowering.v Line: 71
Info (10264): Verilog HDL Case Statement information at modularPowering.v(71): all case item expressions in this case statement are onehot File: F:/SYCY/sycy_23l_projekt/dh/modularPowering.v Line: 71
Info (12128): Elaborating entity "cc" for hierarchy "cc:cc_inst" File: F:/SYCY/sycy_23l_projekt/dh/talk_simulation.v Line: 66
Warning (10240): Verilog HDL Always Construct warning at cc.v(62): inferring latch(es) for variable "privateKey_reg", which holds its previous value in one or more paths through the always construct File: F:/SYCY/sycy_23l_projekt/dh/cc.v Line: 62
Warning (10240): Verilog HDL Always Construct warning at cc.v(62): inferring latch(es) for variable "received_first_stage", which holds its previous value in one or more paths through the always construct File: F:/SYCY/sycy_23l_projekt/dh/cc.v Line: 62
Warning (10240): Verilog HDL Always Construct warning at cc.v(62): inferring latch(es) for variable "id", which holds its previous value in one or more paths through the always construct File: F:/SYCY/sycy_23l_projekt/dh/cc.v Line: 62
Warning (10240): Verilog HDL Always Construct warning at cc.v(62): inferring latch(es) for variable "modPower_base", which holds its previous value in one or more paths through the always construct File: F:/SYCY/sycy_23l_projekt/dh/cc.v Line: 62
Warning (10230): Verilog HDL assignment warning at cc.v(96): truncated value with size 32 to match size of target (8) File: F:/SYCY/sycy_23l_projekt/dh/cc.v Line: 96
Warning (10230): Verilog HDL assignment warning at cc.v(101): truncated value with size 32 to match size of target (8) File: F:/SYCY/sycy_23l_projekt/dh/cc.v Line: 101
Warning (10270): Verilog HDL Case Statement warning at cc.v(94): incomplete case statement has no default case item File: F:/SYCY/sycy_23l_projekt/dh/cc.v Line: 94
Info (10264): Verilog HDL Case Statement information at cc.v(94): all case item expressions in this case statement are onehot File: F:/SYCY/sycy_23l_projekt/dh/cc.v Line: 94
Warning (10240): Verilog HDL Always Construct warning at cc.v(94): inferring latch(es) for variable "G", which holds its previous value in one or more paths through the always construct File: F:/SYCY/sycy_23l_projekt/dh/cc.v Line: 94
Warning (10240): Verilog HDL Always Construct warning at cc.v(94): inferring latch(es) for variable "modPower_base1", which holds its previous value in one or more paths through the always construct File: F:/SYCY/sycy_23l_projekt/dh/cc.v Line: 94
Warning (10240): Verilog HDL Always Construct warning at cc.v(94): inferring latch(es) for variable "start1", which holds its previous value in one or more paths through the always construct File: F:/SYCY/sycy_23l_projekt/dh/cc.v Line: 94
Warning (10240): Verilog HDL Always Construct warning at cc.v(94): inferring latch(es) for variable "modPower_base2", which holds its previous value in one or more paths through the always construct File: F:/SYCY/sycy_23l_projekt/dh/cc.v Line: 94
Warning (10240): Verilog HDL Always Construct warning at cc.v(94): inferring latch(es) for variable "start2", which holds its previous value in one or more paths through the always construct File: F:/SYCY/sycy_23l_projekt/dh/cc.v Line: 94
Info (10041): Inferred latch for "start2" at cc.v(94) File: F:/SYCY/sycy_23l_projekt/dh/cc.v Line: 94
Info (10041): Inferred latch for "modPower_base2[0]" at cc.v(94) File: F:/SYCY/sycy_23l_projekt/dh/cc.v Line: 94
Info (10041): Inferred latch for "modPower_base2[1]" at cc.v(94) File: F:/SYCY/sycy_23l_projekt/dh/cc.v Line: 94
Info (10041): Inferred latch for "modPower_base2[2]" at cc.v(94) File: F:/SYCY/sycy_23l_projekt/dh/cc.v Line: 94
Info (10041): Inferred latch for "modPower_base2[3]" at cc.v(94) File: F:/SYCY/sycy_23l_projekt/dh/cc.v Line: 94
Info (10041): Inferred latch for "modPower_base2[4]" at cc.v(94) File: F:/SYCY/sycy_23l_projekt/dh/cc.v Line: 94
Info (10041): Inferred latch for "modPower_base2[5]" at cc.v(94) File: F:/SYCY/sycy_23l_projekt/dh/cc.v Line: 94
Info (10041): Inferred latch for "modPower_base2[6]" at cc.v(94) File: F:/SYCY/sycy_23l_projekt/dh/cc.v Line: 94
Info (10041): Inferred latch for "modPower_base2[7]" at cc.v(94) File: F:/SYCY/sycy_23l_projekt/dh/cc.v Line: 94
Info (10041): Inferred latch for "start1" at cc.v(94) File: F:/SYCY/sycy_23l_projekt/dh/cc.v Line: 94
Info (10041): Inferred latch for "modPower_base1[0]" at cc.v(94) File: F:/SYCY/sycy_23l_projekt/dh/cc.v Line: 94
Info (10041): Inferred latch for "modPower_base1[1]" at cc.v(94) File: F:/SYCY/sycy_23l_projekt/dh/cc.v Line: 94
Info (10041): Inferred latch for "modPower_base1[2]" at cc.v(94) File: F:/SYCY/sycy_23l_projekt/dh/cc.v Line: 94
Info (10041): Inferred latch for "modPower_base1[3]" at cc.v(94) File: F:/SYCY/sycy_23l_projekt/dh/cc.v Line: 94
Info (10041): Inferred latch for "modPower_base1[4]" at cc.v(94) File: F:/SYCY/sycy_23l_projekt/dh/cc.v Line: 94
Info (10041): Inferred latch for "modPower_base1[5]" at cc.v(94) File: F:/SYCY/sycy_23l_projekt/dh/cc.v Line: 94
Info (10041): Inferred latch for "modPower_base1[6]" at cc.v(94) File: F:/SYCY/sycy_23l_projekt/dh/cc.v Line: 94
Info (10041): Inferred latch for "modPower_base1[7]" at cc.v(94) File: F:/SYCY/sycy_23l_projekt/dh/cc.v Line: 94
Info (10041): Inferred latch for "G[0]" at cc.v(94) File: F:/SYCY/sycy_23l_projekt/dh/cc.v Line: 94
Info (10041): Inferred latch for "G[1]" at cc.v(94) File: F:/SYCY/sycy_23l_projekt/dh/cc.v Line: 94
Info (10041): Inferred latch for "G[2]" at cc.v(94) File: F:/SYCY/sycy_23l_projekt/dh/cc.v Line: 94
Info (10041): Inferred latch for "G[3]" at cc.v(94) File: F:/SYCY/sycy_23l_projekt/dh/cc.v Line: 94
Info (10041): Inferred latch for "G[4]" at cc.v(94) File: F:/SYCY/sycy_23l_projekt/dh/cc.v Line: 94
Info (10041): Inferred latch for "G[5]" at cc.v(94) File: F:/SYCY/sycy_23l_projekt/dh/cc.v Line: 94
Info (10041): Inferred latch for "G[6]" at cc.v(94) File: F:/SYCY/sycy_23l_projekt/dh/cc.v Line: 94
Info (10041): Inferred latch for "G[7]" at cc.v(94) File: F:/SYCY/sycy_23l_projekt/dh/cc.v Line: 94
Info (10041): Inferred latch for "modPower_base[0]" at cc.v(62) File: F:/SYCY/sycy_23l_projekt/dh/cc.v Line: 62
Info (10041): Inferred latch for "modPower_base[1]" at cc.v(62) File: F:/SYCY/sycy_23l_projekt/dh/cc.v Line: 62
Info (10041): Inferred latch for "modPower_base[2]" at cc.v(62) File: F:/SYCY/sycy_23l_projekt/dh/cc.v Line: 62
Info (10041): Inferred latch for "modPower_base[3]" at cc.v(62) File: F:/SYCY/sycy_23l_projekt/dh/cc.v Line: 62
Info (10041): Inferred latch for "modPower_base[4]" at cc.v(62) File: F:/SYCY/sycy_23l_projekt/dh/cc.v Line: 62
Info (10041): Inferred latch for "modPower_base[5]" at cc.v(62) File: F:/SYCY/sycy_23l_projekt/dh/cc.v Line: 62
Info (10041): Inferred latch for "modPower_base[6]" at cc.v(62) File: F:/SYCY/sycy_23l_projekt/dh/cc.v Line: 62
Info (10041): Inferred latch for "modPower_base[7]" at cc.v(62) File: F:/SYCY/sycy_23l_projekt/dh/cc.v Line: 62
Info (10041): Inferred latch for "id[0]" at cc.v(62) File: F:/SYCY/sycy_23l_projekt/dh/cc.v Line: 62
Info (10041): Inferred latch for "id[1]" at cc.v(62) File: F:/SYCY/sycy_23l_projekt/dh/cc.v Line: 62
Info (10041): Inferred latch for "id[2]" at cc.v(62) File: F:/SYCY/sycy_23l_projekt/dh/cc.v Line: 62
Info (10041): Inferred latch for "id[3]" at cc.v(62) File: F:/SYCY/sycy_23l_projekt/dh/cc.v Line: 62
Info (10041): Inferred latch for "id[4]" at cc.v(62) File: F:/SYCY/sycy_23l_projekt/dh/cc.v Line: 62
Info (10041): Inferred latch for "id[5]" at cc.v(62) File: F:/SYCY/sycy_23l_projekt/dh/cc.v Line: 62
Info (10041): Inferred latch for "id[6]" at cc.v(62) File: F:/SYCY/sycy_23l_projekt/dh/cc.v Line: 62
Info (10041): Inferred latch for "id[7]" at cc.v(62) File: F:/SYCY/sycy_23l_projekt/dh/cc.v Line: 62
Info (10041): Inferred latch for "received_first_stage[0]" at cc.v(62) File: F:/SYCY/sycy_23l_projekt/dh/cc.v Line: 62
Info (10041): Inferred latch for "received_first_stage[1]" at cc.v(62) File: F:/SYCY/sycy_23l_projekt/dh/cc.v Line: 62
Info (10041): Inferred latch for "received_first_stage[2]" at cc.v(62) File: F:/SYCY/sycy_23l_projekt/dh/cc.v Line: 62
Info (10041): Inferred latch for "received_first_stage[3]" at cc.v(62) File: F:/SYCY/sycy_23l_projekt/dh/cc.v Line: 62
Info (10041): Inferred latch for "received_first_stage[4]" at cc.v(62) File: F:/SYCY/sycy_23l_projekt/dh/cc.v Line: 62
Info (10041): Inferred latch for "received_first_stage[5]" at cc.v(62) File: F:/SYCY/sycy_23l_projekt/dh/cc.v Line: 62
Info (10041): Inferred latch for "received_first_stage[6]" at cc.v(62) File: F:/SYCY/sycy_23l_projekt/dh/cc.v Line: 62
Info (10041): Inferred latch for "received_first_stage[7]" at cc.v(62) File: F:/SYCY/sycy_23l_projekt/dh/cc.v Line: 62
Info (10041): Inferred latch for "privateKey_reg[0]" at cc.v(62) File: F:/SYCY/sycy_23l_projekt/dh/cc.v Line: 62
Info (10041): Inferred latch for "privateKey_reg[1]" at cc.v(62) File: F:/SYCY/sycy_23l_projekt/dh/cc.v Line: 62
Info (10041): Inferred latch for "privateKey_reg[2]" at cc.v(62) File: F:/SYCY/sycy_23l_projekt/dh/cc.v Line: 62
Info (10041): Inferred latch for "privateKey_reg[3]" at cc.v(62) File: F:/SYCY/sycy_23l_projekt/dh/cc.v Line: 62
Info (10041): Inferred latch for "privateKey_reg[4]" at cc.v(62) File: F:/SYCY/sycy_23l_projekt/dh/cc.v Line: 62
Info (10041): Inferred latch for "privateKey_reg[5]" at cc.v(62) File: F:/SYCY/sycy_23l_projekt/dh/cc.v Line: 62
Info (10041): Inferred latch for "privateKey_reg[6]" at cc.v(62) File: F:/SYCY/sycy_23l_projekt/dh/cc.v Line: 62
Info (10041): Inferred latch for "privateKey_reg[7]" at cc.v(62) File: F:/SYCY/sycy_23l_projekt/dh/cc.v Line: 62
Info (17049): 146 registers lost all their fanouts during netlist optimizations.
Info (144001): Generated suppressed messages file F:/SYCY/sycy_23l_projekt/dh/output_files/dh.map.smsg
Info (16010): Generating hard_block partition "hard_block:auto_generated_inst"
    Info (16011): Adding 0 node(s), including 0 DDIO, 0 PLL, 0 transceiver and 0 LCELL
Warning (21074): Design contains 5 input pin(s) that do not drive logic
    Warning (15610): No output dependent on input pin "ena" File: F:/SYCY/sycy_23l_projekt/dh/talk_simulation.v Line: 8
    Warning (15610): No output dependent on input pin "clk" File: F:/SYCY/sycy_23l_projekt/dh/talk_simulation.v Line: 6
    Warning (15610): No output dependent on input pin "rst" File: F:/SYCY/sycy_23l_projekt/dh/talk_simulation.v Line: 5
    Warning (15610): No output dependent on input pin "init2" File: F:/SYCY/sycy_23l_projekt/dh/talk_simulation.v Line: 4
    Warning (15610): No output dependent on input pin "init1" File: F:/SYCY/sycy_23l_projekt/dh/talk_simulation.v Line: 4
Info (21057): Implemented 5 device resources after synthesis - the final resource count might be different
    Info (21058): Implemented 5 input pins
    Info (21059): Implemented 0 output pins
Info: Quartus Prime Analysis & Synthesis was successful. 0 errors, 51 warnings
    Info: Peak virtual memory: 4736 megabytes
    Info: Processing ended: Fri Jun 02 21:26:20 2023
    Info: Elapsed time: 00:00:08
    Info: Total CPU time (on all processors): 00:00:15


+------------------------------------------+
; Analysis & Synthesis Suppressed Messages ;
+------------------------------------------+
The suppressed messages can be found in F:/SYCY/sycy_23l_projekt/dh/output_files/dh.map.smsg.


